\BOOKMARK [1][-]{section.1}{Introduction}{}% 1
\BOOKMARK [2][-]{subsection.1.1}{Few introductory definitions}{section.1}% 2
\BOOKMARK [2][-]{subsection.1.2}{Homework - I}{section.1}% 3
\BOOKMARK [2][-]{subsection.1.3}{Measure of an Interval}{section.1}% 4
\BOOKMARK [3][-]{subsubsection.1.3.1}{Outer Lebesgue Measure}{subsection.1.3}% 5
\BOOKMARK [1][-]{section.2}{Measures}{}% 6
\BOOKMARK [2][-]{subsection.2.1}{Algebras \046 Sigma-Algebras}{section.2}% 7
\BOOKMARK [2][-]{subsection.2.2}{Measures}{section.2}% 8
\BOOKMARK [3][-]{subsubsection.2.2.1}{Elementary Properties of Measures}{subsection.2.2}% 9
\BOOKMARK [2][-]{subsection.2.3}{Outer Measures}{section.2}% 10
\BOOKMARK [2][-]{subsection.2.4}{Exercises - II}{section.2}% 11
\BOOKMARK [2][-]{subsection.2.5}{Lebesgue Measurability.}{section.2}% 12
\BOOKMARK [2][-]{subsection.2.6}{Does \040*\(E\) = 0 \040implies \040E \040is countable?}{section.2}% 13
\BOOKMARK [3][-]{subsubsection.2.6.1}{Properties of Cantor Set}{subsection.2.6}% 14
\BOOKMARK [2][-]{subsection.2.7}{A Non-measurable Set}{section.2}% 15
\BOOKMARK [2][-]{subsection.2.8}{Regularity}{section.2}% 16
\BOOKMARK [1][-]{section.3}{Measurable Functions}{}% 17
\BOOKMARK [2][-]{subsection.3.1}{Almost Everywhere Property.}{section.3}% 18
\BOOKMARK [3][-]{subsubsection.3.1.1}{A striking result}{subsection.3.1}% 19
\BOOKMARK [2][-]{subsection.3.2}{Cantor Set, again.}{section.3}% 20
\BOOKMARK [2][-]{subsection.3.3}{Sequence of Functions approximating a Measurable Function.}{section.3}% 21
\BOOKMARK [3][-]{subsubsection.3.3.1}{Replacing simple functions by step functionsUnfortunately, this section onwards, we would tentatively only work with the Lebesgue Measure space \040\(R,M*,\) \040for pedagogical reasons of the instructor, so the abstract versions of the following results would need to wait..}{subsection.3.3}% 22
\BOOKMARK [2][-]{subsection.3.4}{Egorov's Theorem}{section.3}% 23
\BOOKMARK [2][-]{subsection.3.5}{Lusin's Theorem}{section.3}% 24
\BOOKMARK [1][-]{section.4}{Integration of Measurable Functions}{}% 25
\BOOKMARK [2][-]{subsection.4.1}{Integration of Non-Negative Measurable Functions}{section.4}% 26
\BOOKMARK [2][-]{subsection.4.2}{Monotone Convergence Theorem}{section.4}% 27
\BOOKMARK [2][-]{subsection.4.3}{Fatou's Lemma}{section.4}% 28
\BOOKMARK [2][-]{subsection.4.4}{Integration of General Real-Valued Measurable Functions}{section.4}% 29
\BOOKMARK [3][-]{subsubsection.4.4.1}{Basic Properties of General Lebesgue Integral}{subsection.4.4}% 30
\BOOKMARK [2][-]{subsection.4.5}{Dominated Convergence Theorem}{section.4}% 31
\BOOKMARK [1][-]{section.5}{The \040Lp Spaces}{}% 32
\BOOKMARK [2][-]{subsection.5.1}{Algebraic Properties of \040Lp \040Space}{section.5}% 33
\BOOKMARK [3][-]{subsubsection.5.1.1}{ Lp \040is a Vector Space}{subsection.5.1}% 34
\BOOKMARK [3][-]{subsubsection.5.1.2}{Norm on \040Lp \040Vector Space}{subsection.5.1}% 35
\BOOKMARK [3][-]{subsubsection.5.1.3}{H\366lder's Inequality}{subsection.5.1}% 36
\BOOKMARK [3][-]{subsubsection.5.1.4}{Minkowski's Inequality}{subsection.5.1}% 37
\BOOKMARK [2][-]{subsection.5.2}{Completeness of Norm Space \040Lp\(X,A,\) }{section.5}% 38
\BOOKMARK [3][-]{subsubsection.5.2.1}{General Definitions and Results in Normed Spaces}{subsection.5.2}% 39
\BOOKMARK [3][-]{subsubsection.5.2.2}{ Lp\(X,A,\) \040is a Banach Space!}{subsection.5.2}% 40
\BOOKMARK [1][-]{section.6}{Product Measure}{}% 41
\BOOKMARK [2][-]{subsection.6.1}{Some Set Theoretic Concepts}{section.6}% 42
\BOOKMARK [2][-]{subsection.6.2}{Product Measure Space}{section.6}% 43
\BOOKMARK [3][-]{subsubsection.6.2.1}{Properties of Product Measure Space}{subsection.6.2}% 44
\BOOKMARK [2][-]{subsection.6.3}{The Fubini-Tonelli Theorem}{section.6}% 45
\BOOKMARK [1][-]{section.7}{Differentiation}{}% 46
\BOOKMARK [2][-]{subsection.7.1}{Differentiability}{section.7}% 47
\BOOKMARK [2][-]{subsection.7.2}{Functions of Bounded Variation}{section.7}% 48
\BOOKMARK [2][-]{subsection.7.3}{Differentiability of Monotone Functions \046 Lebesgue's Theorem}{section.7}% 49
\BOOKMARK [3][-]{subsubsection.7.3.1}{Lebesgue's Differentiation Theorem}{subsection.7.3}% 50
\BOOKMARK [2][-]{subsection.7.4}{Integration \046 Differentiation in Context}{section.7}% 51
\BOOKMARK [3][-]{subsubsection.7.4.1}{Indefinite Integral}{subsection.7.4}% 52
\BOOKMARK [3][-]{subsubsection.7.4.2}{Absolutely Continuous Functions}{subsection.7.4}% 53
\BOOKMARK [1][-]{section.8}{Signed Measures and Derivatives}{}% 54
\BOOKMARK [2][-]{subsection.8.1}{The Hahn Decomposition Theorem}{section.8}% 55
\BOOKMARK [2][-]{subsection.8.2}{The Jordan Decomposition of a Signed Measure}{section.8}% 56
\BOOKMARK [2][-]{subsection.8.3}{The Radon-Nikodym Theorem}{section.8}% 57
\BOOKMARK [1][-]{section.9}{The Dual of \040Lp\(Rn\) \040: Riesz Representation Theorem}{}% 58
\BOOKMARK [2][-]{subsection.9.1}{ B\(V\) \040is a Banach Space!}{section.9}% 59
